Grammar

    0 $accept: program $end

    1 program: program expr NEWLINE
    2        | ε

    3 expr: DIGIT


Terminals, with rules where they appear

    $end (0) 0
    error (256)
    DIGIT (258) 3
    NEWLINE (259) 1


Nonterminals, with rules where they appear

    $accept (5)
        on left: 0
    program (6)
        on left: 1 2
        on right: 0 1
    expr (7)
        on left: 3
        on right: 1


State 0

    0 $accept: • program $end

    $default  reduce using rule 2 (program)

    program  go to state 1


State 1

    0 $accept: program • $end
    1 program: program • expr NEWLINE

    $end   shift, and go to state 2
    DIGIT  shift, and go to state 3

    expr  go to state 4


State 2

    0 $accept: program $end •

    $default  accept


State 3

    3 expr: DIGIT •

    $default  reduce using rule 3 (expr)


State 4

    1 program: program expr • NEWLINE

    NEWLINE  shift, and go to state 5


State 5

    1 program: program expr NEWLINE •

    $default  reduce using rule 1 (program)
